1746965454: mosquitto version 2.0.21 starting
1746965454: Config loaded from /mosquitto/config/mosquitto.conf.
1746965454: Warning: File /mosquitto/config/pwfile has world readable permissions. Future versions will refuse to load this file.
To fix this, use `chmod 0700 /mosquitto/config/pwfile`.
1746965454: Opening ipv4 listen socket on port 1883.
1746965454: Opening ipv6 listen socket on port 1883.
1746965454: Opening websockets listen socket on port 9001.
1746965454: mosquitto version 2.0.21 running
1746965535: New connection from 172.18.0.1:59394 on port 1883.
1746965535: Client <unknown> disconnected due to protocol error.
1746965535: New connection from 172.18.0.1:59410 on port 1883.
1746965535: Client <unknown> disconnected due to protocol error.
1746965535: New connection from 172.18.0.1:59416 on port 1883.
1746965535: New connection from 172.18.0.1:59426 on port 1883.
1746965536: Client <unknown> disconnected due to protocol error.
1746965536: Client <unknown> disconnected due to protocol error.
1746965536: New connection from 172.18.0.1:59432 on port 1883.
1746965536: Client <unknown> disconnected due to protocol error.
1746965553: New connection from 172.18.0.1:58264 on port 1883.
1746965553: Client mqtt-explorer-be12184c disconnected, not authorised.
1746965612: mosquitto version 2.0.21 terminating
1746965612: Saving in-memory database to /mosquitto/data//mosquitto.db.
1746965623: mosquitto version 2.0.21 starting
1746965623: Config loaded from /mosquitto/config/mosquitto.conf.
1746965623: Warning: File /mosquitto/config/pwfile has world readable permissions. Future versions will refuse to load this file.
To fix this, use `chmod 0700 /mosquitto/config/pwfile`.
1746965623: Opening ipv4 listen socket on port 1883.
1746965623: Opening ipv6 listen socket on port 1883.
1746965623: Opening websockets listen socket on port 9001.
1746965623: mosquitto version 2.0.21 running
1746965633: New connection from 172.18.0.1:37984 on port 1883.
1746965633: New client connected from 172.18.0.1:37984 as mqtt-explorer-be12184c (p2, c1, k60).
1746965747: New connection from 172.18.0.1:55644 on port 1883.
1746965747: Client mqtt-explorer-be12184c already connected, closing old connection.
1746965747: New client connected from 172.18.0.1:55644 as mqtt-explorer-be12184c (p2, c1, k60).
1746965748: New connection from 172.18.0.1:55648 on port 1883.
1746965748: Client mqtt-explorer-be12184c already connected, closing old connection.
1746965748: New client connected from 172.18.0.1:55648 as mqtt-explorer-be12184c (p2, c1, k60).
1746965749: New connection from 172.18.0.1:55652 on port 1883.
1746965749: Client mqtt-explorer-be12184c already connected, closing old connection.
1746965749: New client connected from 172.18.0.1:55652 as mqtt-explorer-be12184c (p2, c1, k60).
1746965750: New connection from 172.18.0.1:55656 on port 1883.
1746965750: Client mqtt-explorer-be12184c already connected, closing old connection.
1746965750: New client connected from 172.18.0.1:55656 as mqtt-explorer-be12184c (p2, c1, k60).
1746965751: New connection from 172.18.0.1:55666 on port 1883.
1746965751: Client mqtt-explorer-be12184c already connected, closing old connection.
1746965751: New client connected from 172.18.0.1:55666 as mqtt-explorer-be12184c (p2, c1, k60).
1746965752: New connection from 172.18.0.1:55680 on port 1883.
1746965752: Client mqtt-explorer-be12184c already connected, closing old connection.
1746965752: New client connected from 172.18.0.1:55680 as mqtt-explorer-be12184c (p2, c1, k60).
1746965753: New connection from 172.18.0.1:55690 on port 1883.
1746965753: Client mqtt-explorer-be12184c already connected, closing old connection.
1746965753: New client connected from 172.18.0.1:55690 as mqtt-explorer-be12184c (p2, c1, k60).
1746965754: New connection from 172.18.0.1:34924 on port 1883.
1746965754: Client mqtt-explorer-be12184c already connected, closing old connection.
1746965754: New client connected from 172.18.0.1:34924 as mqtt-explorer-be12184c (p2, c1, k60).
1746965755: New connection from 172.18.0.1:34926 on port 1883.
1746965755: Client mqtt-explorer-be12184c already connected, closing old connection.
1746965755: New client connected from 172.18.0.1:34926 as mqtt-explorer-be12184c (p2, c1, k60).
1746965756: New connection from 172.18.0.1:34942 on port 1883.
1746965756: Client mqtt-explorer-be12184c already connected, closing old connection.
1746965756: New client connected from 172.18.0.1:34942 as mqtt-explorer-be12184c (p2, c1, k60).
1746965757: New connection from 172.18.0.1:34946 on port 1883.
1746965757: Client mqtt-explorer-be12184c already connected, closing old connection.
1746965757: New client connected from 172.18.0.1:34946 as mqtt-explorer-be12184c (p2, c1, k60).
1746965758: New connection from 172.18.0.1:34956 on port 1883.
1746965758: Client mqtt-explorer-be12184c already connected, closing old connection.
1746965758: New client connected from 172.18.0.1:34956 as mqtt-explorer-be12184c (p2, c1, k60).
1746965759: New connection from 172.18.0.1:34968 on port 1883.
1746965759: Client mqtt-explorer-be12184c already connected, closing old connection.
1746965759: New client connected from 172.18.0.1:34968 as mqtt-explorer-be12184c (p2, c1, k60).
1746965760: New connection from 172.18.0.1:34972 on port 1883.
1746965760: Client mqtt-explorer-be12184c already connected, closing old connection.
1746965760: New client connected from 172.18.0.1:34972 as mqtt-explorer-be12184c (p2, c1, k60).
1746965761: New connection from 172.18.0.1:34976 on port 1883.
1746965761: Client mqtt-explorer-be12184c already connected, closing old connection.
1746965761: New client connected from 172.18.0.1:34976 as mqtt-explorer-be12184c (p2, c1, k60).
1746965762: New connection from 172.18.0.1:34990 on port 1883.
1746965762: Client mqtt-explorer-be12184c already connected, closing old connection.
1746965762: New client connected from 172.18.0.1:34990 as mqtt-explorer-be12184c (p2, c1, k60).
1746965763: New connection from 172.18.0.1:36046 on port 1883.
1746965763: Client mqtt-explorer-be12184c already connected, closing old connection.
1746965763: New client connected from 172.18.0.1:36046 as mqtt-explorer-be12184c (p2, c1, k60).
1746965764: New connection from 172.18.0.1:36058 on port 1883.
1746965764: Client mqtt-explorer-be12184c already connected, closing old connection.
1746965764: New client connected from 172.18.0.1:36058 as mqtt-explorer-be12184c (p2, c1, k60).
1746965765: New connection from 172.18.0.1:36062 on port 1883.
1746965765: Client mqtt-explorer-be12184c already connected, closing old connection.
1746965765: New client connected from 172.18.0.1:36062 as mqtt-explorer-be12184c (p2, c1, k60).
1746965766: New connection from 172.18.0.1:36072 on port 1883.
1746965766: Client mqtt-explorer-be12184c already connected, closing old connection.
1746965766: New client connected from 172.18.0.1:36072 as mqtt-explorer-be12184c (p2, c1, k60).
1746965767: New connection from 172.18.0.1:36080 on port 1883.
1746965767: Client mqtt-explorer-be12184c already connected, closing old connection.
1746965767: New client connected from 172.18.0.1:36080 as mqtt-explorer-be12184c (p2, c1, k60).
1746965768: New connection from 172.18.0.1:36092 on port 1883.
1746965768: Client mqtt-explorer-be12184c already connected, closing old connection.
1746965768: New client connected from 172.18.0.1:36092 as mqtt-explorer-be12184c (p2, c1, k60).
1746965769: New connection from 172.18.0.1:36106 on port 1883.
1746965769: Client mqtt-explorer-be12184c already connected, closing old connection.
1746965769: New client connected from 172.18.0.1:36106 as mqtt-explorer-be12184c (p2, c1, k60).
1746965770: Client mqtt-explorer-be12184c disconnected.
1746965770: New connection from 172.18.0.1:36112 on port 1883.
1746965770: New client connected from 172.18.0.1:36112 as mqtt-explorer-be12184c (p2, c1, k60).
1746965812: New connection from 172.18.0.1:52192 on port 1883.
1746965812: Client <unknown> disconnected due to protocol error.
1746965813: New connection from 172.18.0.1:38570 on port 1883.
1746965813: Client <unknown> disconnected due to protocol error.
1746965818: New connection from 172.18.0.1:38578 on port 1883.
1746965818: Client <unknown> disconnected due to protocol error.
1746965931: New connection from 172.18.0.1:47314 on port 1883.
1746965931: New client connected from 172.18.0.1:47314 as mqtt-explorer-bee4ac16 (p2, c1, k60).
1746966081: Client mqtt-explorer-bee4ac16 disconnected.
1746966098: New connection from 172.18.0.1:59906 on port 1883.
1746966098: New client connected from 172.18.0.1:59906 as mqtt-explorer-bee4ac16 (p2, c1, k60).
1746966106: Client mqtt-explorer-bee4ac16 disconnected.
1746966136: New connection from 172.18.0.1:39482 on port 1883.
1746966136: New client connected from 172.18.0.1:39482 as mqtt-explorer-bee4ac16 (p2, c1, k60).
1746966182: Client mqtt-explorer-bee4ac16 disconnected.
1746966209: New connection from 172.18.0.1:37168 on port 1883.
1746966209: New client connected from 172.18.0.1:37168 as mqtt-explorer-bee4ac16 (p2, c1, k60).
1746967424: Saving in-memory database to /mosquitto/data//mosquitto.db.
1746969225: Saving in-memory database to /mosquitto/data//mosquitto.db.
1746970379: Client mqtt-explorer-bee4ac16 has exceeded timeout, disconnecting.
1746971026: Saving in-memory database to /mosquitto/data//mosquitto.db.
1746972827: Saving in-memory database to /mosquitto/data//mosquitto.db.
1746973788: New client connected from ::ffff:172.18.0.1:42130 as user_fa639f5a-b0c0-46e6-b64d-41653560cfe3_3ef347bd (p2, c1, k60).
1746974628: Saving in-memory database to /mosquitto/data//mosquitto.db.
1746976429: Saving in-memory database to /mosquitto/data//mosquitto.db.
1746976460: Client user_fa639f5a-b0c0-46e6-b64d-41653560cfe3_3ef347bd closed its connection.
1746976765: New client connected from ::ffff:172.18.0.1:42710 as user_fa639f5a-b0c0-46e6-b64d-41653560cfe3_fb1dce98 (p2, c1, k60).
1746978230: Saving in-memory database to /mosquitto/data//mosquitto.db.
1746979345: Client user_fa639f5a-b0c0-46e6-b64d-41653560cfe3_fb1dce98 closed its connection.
1746979406: New client connected from ::ffff:172.18.0.1:52684 as user_fa639f5a-b0c0-46e6-b64d-41653560cfe3_ab0d96b0 (p2, c1, k60).
1748364210: mosquitto version 2.0.21 starting
1748364210: Config loaded from /mosquitto/config/mosquitto.conf.
1748364210: Warning: File /mosquitto/config/pwfile has world readable permissions. Future versions will refuse to load this file.
To fix this, use `chmod 0700 /mosquitto/config/pwfile`.
1748364210: Opening ipv4 listen socket on port 1883.
1748364210: Opening ipv6 listen socket on port 1883.
1748364210: Opening websockets listen socket on port 9001.
1748364210: mosquitto version 2.0.21 running
1748364567: mosquitto version 2.0.21 terminating
1748364567: Saving in-memory database to /mosquitto/data//mosquitto.db.
1748364662: mosquitto version 2.0.21 starting
1748364662: Config loaded from /mosquitto/config/mosquitto.conf.
1748364662: Warning: File /mosquitto/config/pwfile has world readable permissions. Future versions will refuse to load this file.
To fix this, use `chmod 0700 /mosquitto/config/pwfile`.
1748364662: Opening ipv4 listen socket on port 1883.
1748364662: Opening ipv6 listen socket on port 1883.
1748364662: Opening websockets listen socket on port 9001.
1748364662: mosquitto version 2.0.21 running
1748364738: mosquitto version 2.0.21 terminating
1748364738: Saving in-memory database to /mosquitto/data//mosquitto.db.
1748365554: mosquitto version 2.0.21 starting
1748365554: Config loaded from /mosquitto/config/mosquitto.conf.
1748365554: Warning: File /mosquitto/config/pwfile has world readable permissions. Future versions will refuse to load this file.
To fix this, use `chmod 0700 /mosquitto/config/pwfile`.
1748365554: Opening ipv4 listen socket on port 1883.
1748365554: Opening ipv6 listen socket on port 1883.
1748365554: Opening websockets listen socket on port 9001.
1748365554: mosquitto version 2.0.21 running
1748365722: mosquitto version 2.0.21 terminating
1748365722: Saving in-memory database to /mosquitto/data//mosquitto.db.
1748431846: mosquitto version 2.0.21 starting
1748431846: Config loaded from /mosquitto/config/mosquitto.conf.
1748431846: Warning: File /mosquitto/config/pwfile has world readable permissions. Future versions will refuse to load this file.
To fix this, use `chmod 0700 /mosquitto/config/pwfile`.
1748431846: Opening ipv4 listen socket on port 1883.
1748431846: Opening ipv6 listen socket on port 1883.
1748431846: Opening websockets listen socket on port 9001.
1748431846: mosquitto version 2.0.21 running
1748432056: mosquitto version 2.0.21 terminating
1748432056: Saving in-memory database to /mosquitto/data//mosquitto.db.
1748465710: mosquitto version 2.0.21 starting
1748465710: Config loaded from /mosquitto/config/mosquitto.conf.
1748465710: Warning: File /mosquitto/config/pwfile has world readable permissions. Future versions will refuse to load this file.
To fix this, use `chmod 0700 /mosquitto/config/pwfile`.
1748465710: Opening ipv4 listen socket on port 1883.
1748465710: Opening ipv6 listen socket on port 1883.
1748465710: Opening websockets listen socket on port 9001.
1748465710: mosquitto version 2.0.21 running
1748465997: mosquitto version 2.0.21 terminating
1748465997: Saving in-memory database to /mosquitto/data//mosquitto.db.
1748467035: mosquitto version 2.0.21 starting
1748467035: Config loaded from /mosquitto/config/mosquitto.conf.
1748467035: Warning: File /mosquitto/config/pwfile has world readable permissions. Future versions will refuse to load this file.
To fix this, use `chmod 0700 /mosquitto/config/pwfile`.
1748467035: Opening ipv4 listen socket on port 1883.
1748467035: Opening ipv6 listen socket on port 1883.
1748467035: Opening websockets listen socket on port 9001.
1748467035: mosquitto version 2.0.21 running
1748471977: mosquitto version 2.0.21 starting
1748471977: Config loaded from /mosquitto/config/mosquitto.conf.
1748471977: Warning: File /mosquitto/config/pwfile has world readable permissions. Future versions will refuse to load this file.
To fix this, use `chmod 0700 /mosquitto/config/pwfile`.
1748471977: Opening ipv4 listen socket on port 1883.
1748471977: Opening ipv6 listen socket on port 1883.
1748471977: Opening websockets listen socket on port 9001.
1748471977: mosquitto version 2.0.21 running
1748472075: mosquitto version 2.0.21 terminating
1748472075: Saving in-memory database to /mosquitto/data//mosquitto.db.
1748498007: mosquitto version 2.0.21 starting
1748498007: Config loaded from /mosquitto/config/mosquitto.conf.
1748498007: Warning: File /mosquitto/config/pwfile has world readable permissions. Future versions will refuse to load this file.
To fix this, use `chmod 0700 /mosquitto/config/pwfile`.
1748498007: Opening ipv4 listen socket on port 1883.
1748498007: Opening ipv6 listen socket on port 1883.
1748498007: Opening websockets listen socket on port 9001.
1748498007: mosquitto version 2.0.21 running
1748498232: mosquitto version 2.0.21 terminating
1748498232: Saving in-memory database to /mosquitto/data//mosquitto.db.
1748500116: mosquitto version 2.0.21 starting
1748500116: Config loaded from /mosquitto/config/mosquitto.conf.
1748500116: Warning: File /mosquitto/config/pwfile has world readable permissions. Future versions will refuse to load this file.
To fix this, use `chmod 0700 /mosquitto/config/pwfile`.
1748500116: Opening ipv4 listen socket on port 1883.
1748500116: Opening ipv6 listen socket on port 1883.
1748500116: Opening websockets listen socket on port 9001.
1748500116: mosquitto version 2.0.21 running
1748501107: mosquitto version 2.0.21 terminating
1748501107: Saving in-memory database to /mosquitto/data//mosquitto.db.
1748502937: mosquitto version 2.0.21 starting
1748502937: Config loaded from /mosquitto/config/mosquitto.conf.
1748502937: Warning: File /mosquitto/config/pwfile has world readable permissions. Future versions will refuse to load this file.
To fix this, use `chmod 0700 /mosquitto/config/pwfile`.
1748502937: Opening ipv4 listen socket on port 1883.
1748502937: Opening ipv6 listen socket on port 1883.
1748502937: Opening websockets listen socket on port 9001.
1748502937: mosquitto version 2.0.21 running
1748504738: Saving in-memory database to /mosquitto/data//mosquitto.db.
1748505403: mosquitto version 2.0.21 terminating
1748505403: Saving in-memory database to /mosquitto/data//mosquitto.db.
1748737742: mosquitto version 2.0.21 starting
1748737742: Config loaded from /mosquitto/config/mosquitto.conf.
1748737742: Warning: File /mosquitto/config/pwfile has world readable permissions. Future versions will refuse to load this file.
To fix this, use `chmod 0700 /mosquitto/config/pwfile`.
1748737742: Opening ipv4 listen socket on port 1883.
1748737742: Opening ipv6 listen socket on port 1883.
1748737742: Opening websockets listen socket on port 9001.
1748737742: mosquitto version 2.0.21 running
1748737910: mosquitto version 2.0.21 terminating
1748737910: Saving in-memory database to /mosquitto/data//mosquitto.db.
1748738474: mosquitto version 2.0.21 starting
1748738474: Config loaded from /mosquitto/config/mosquitto.conf.
1748738474: Warning: File /mosquitto/config/pwfile has world readable permissions. Future versions will refuse to load this file.
To fix this, use `chmod 0700 /mosquitto/config/pwfile`.
1748738474: Opening ipv4 listen socket on port 1883.
1748738474: Opening ipv6 listen socket on port 1883.
1748738474: Opening websockets listen socket on port 9001.
1748738474: mosquitto version 2.0.21 running
1748738564: mosquitto version 2.0.21 terminating
1748738564: Saving in-memory database to /mosquitto/data//mosquitto.db.
1748738747: mosquitto version 2.0.21 starting
1748738747: Config loaded from /mosquitto/config/mosquitto.conf.
1748738747: Warning: File /mosquitto/config/pwfile has world readable permissions. Future versions will refuse to load this file.
To fix this, use `chmod 0700 /mosquitto/config/pwfile`.
1748738747: Opening ipv4 listen socket on port 1883.
1748738747: Opening ipv6 listen socket on port 1883.
1748738747: Opening websockets listen socket on port 9001.
1748738747: mosquitto version 2.0.21 running
1748738855: mosquitto version 2.0.21 terminating
1748738855: Saving in-memory database to /mosquitto/data//mosquitto.db.
1748738923: mosquitto version 2.0.21 starting
1748738923: Config loaded from /mosquitto/config/mosquitto.conf.
1748738923: Warning: File /mosquitto/config/pwfile has world readable permissions. Future versions will refuse to load this file.
To fix this, use `chmod 0700 /mosquitto/config/pwfile`.
1748738923: Opening ipv4 listen socket on port 1883.
1748738923: Opening ipv6 listen socket on port 1883.
1748738923: Opening websockets listen socket on port 9001.
1748738923: mosquitto version 2.0.21 running
1748739684: mosquitto version 2.0.21 terminating
1748739684: Saving in-memory database to /mosquitto/data//mosquitto.db.
1748739853: mosquitto version 2.0.21 starting
1748739853: Config loaded from /mosquitto/config/mosquitto.conf.
1748739853: Warning: File /mosquitto/config/pwfile has world readable permissions. Future versions will refuse to load this file.
To fix this, use `chmod 0700 /mosquitto/config/pwfile`.
1748739853: Opening ipv4 listen socket on port 1883.
1748739853: Opening ipv6 listen socket on port 1883.
1748739853: Opening websockets listen socket on port 9001.
1748739853: mosquitto version 2.0.21 running
1748740054: mosquitto version 2.0.21 terminating
1748740054: Saving in-memory database to /mosquitto/data//mosquitto.db.
1748775173: mosquitto version 2.0.21 starting
1748775173: Config loaded from /mosquitto/config/mosquitto.conf.
1748775173: Warning: File /mosquitto/config/pwfile has world readable permissions. Future versions will refuse to load this file.
To fix this, use `chmod 0700 /mosquitto/config/pwfile`.
1748775173: Opening ipv4 listen socket on port 1883.
1748775173: Opening ipv6 listen socket on port 1883.
1748775173: Opening websockets listen socket on port 9001.
1748775173: mosquitto version 2.0.21 running
1748775505: mosquitto version 2.0.21 terminating
1748775505: Saving in-memory database to /mosquitto/data//mosquitto.db.
1748776074: mosquitto version 2.0.21 starting
1748776074: Config loaded from /mosquitto/config/mosquitto.conf.
1748776074: Warning: File /mosquitto/config/pwfile has world readable permissions. Future versions will refuse to load this file.
To fix this, use `chmod 0700 /mosquitto/config/pwfile`.
1748776074: Opening ipv4 listen socket on port 1883.
1748776074: Opening ipv6 listen socket on port 1883.
1748776074: Opening websockets listen socket on port 9001.
1748776074: mosquitto version 2.0.21 running
1748776160: mosquitto version 2.0.21 terminating
1748776160: Saving in-memory database to /mosquitto/data//mosquitto.db.
1748892186: mosquitto version 2.0.21 starting
1748892186: Config loaded from /mosquitto/config/mosquitto.conf.
1748892186: Warning: File /mosquitto/config/pwfile has world readable permissions. Future versions will refuse to load this file.
To fix this, use `chmod 0700 /mosquitto/config/pwfile`.
1748892186: Opening ipv4 listen socket on port 1883.
1748892186: Opening ipv6 listen socket on port 1883.
1748892186: Opening websockets listen socket on port 9001.
1748892186: mosquitto version 2.0.21 running
1748893320: mosquitto version 2.0.21 terminating
1748893320: Saving in-memory database to /mosquitto/data//mosquitto.db.
1748893497: mosquitto version 2.0.21 starting
1748893497: Config loaded from /mosquitto/config/mosquitto.conf.
1748893497: Warning: File /mosquitto/config/pwfile has world readable permissions. Future versions will refuse to load this file.
To fix this, use `chmod 0700 /mosquitto/config/pwfile`.
1748893497: Opening ipv4 listen socket on port 1883.
1748893497: Opening ipv6 listen socket on port 1883.
1748893497: Opening websockets listen socket on port 9001.
1748893497: mosquitto version 2.0.21 running
1748893705: mosquitto version 2.0.21 terminating
1748893705: Saving in-memory database to /mosquitto/data//mosquitto.db.
1748893808: mosquitto version 2.0.21 starting
1748893808: Config loaded from /mosquitto/config/mosquitto.conf.
1748893808: Warning: File /mosquitto/config/pwfile has world readable permissions. Future versions will refuse to load this file.
To fix this, use `chmod 0700 /mosquitto/config/pwfile`.
1748893808: Opening ipv4 listen socket on port 1883.
1748893808: Opening ipv6 listen socket on port 1883.
1748893808: Opening websockets listen socket on port 9001.
1748893808: mosquitto version 2.0.21 running
1748893969: mosquitto version 2.0.21 terminating
1748893969: Saving in-memory database to /mosquitto/data//mosquitto.db.
1748895711: mosquitto version 2.0.21 starting
1748895711: Config loaded from /mosquitto/config/mosquitto.conf.
1748895711: Warning: File /mosquitto/config/pwfile has world readable permissions. Future versions will refuse to load this file.
To fix this, use `chmod 0700 /mosquitto/config/pwfile`.
1748895711: Opening ipv4 listen socket on port 1883.
1748895711: Opening ipv6 listen socket on port 1883.
1748895711: Opening websockets listen socket on port 9001.
1748895711: mosquitto version 2.0.21 running
1748895929: mosquitto version 2.0.21 terminating
1748895929: Saving in-memory database to /mosquitto/data//mosquitto.db.
1748896066: mosquitto version 2.0.21 starting
1748896066: Config loaded from /mosquitto/config/mosquitto.conf.
1748896066: Warning: File /mosquitto/config/pwfile has world readable permissions. Future versions will refuse to load this file.
To fix this, use `chmod 0700 /mosquitto/config/pwfile`.
1748896066: Opening ipv4 listen socket on port 1883.
1748896066: Opening ipv6 listen socket on port 1883.
1748896066: Opening websockets listen socket on port 9001.
1748896066: mosquitto version 2.0.21 running
1748896377: mosquitto version 2.0.21 terminating
1748896377: Saving in-memory database to /mosquitto/data//mosquitto.db.
1748896503: mosquitto version 2.0.21 starting
1748896503: Config loaded from /mosquitto/config/mosquitto.conf.
1748896503: Warning: File /mosquitto/config/pwfile has world readable permissions. Future versions will refuse to load this file.
To fix this, use `chmod 0700 /mosquitto/config/pwfile`.
1748896503: Opening ipv4 listen socket on port 1883.
1748896503: Opening ipv6 listen socket on port 1883.
1748896503: Opening websockets listen socket on port 9001.
1748896503: mosquitto version 2.0.21 running
1748896705: mosquitto version 2.0.21 terminating
1748896705: Saving in-memory database to /mosquitto/data//mosquitto.db.
